<?xml version="1.0" encoding="UTF-8"?>
<testsuite xmlns:xsi="http://www.w3.org/2001/XMLSchema-instance" xsi:noNamespaceSchemaLocation="https://maven.apache.org/surefire/maven-surefire-plugin/xsd/surefire-test-report.xsd" name="ev3.eva3.AppTest" time="0.009" tests="1" errors="0" skipped="0" failures="0">
  <properties>
    <property name="java.specification.version" value="18"/>
    <property name="sun.cpu.isalist" value="amd64"/>
    <property name="sun.jnu.encoding" value="Cp1252"/>
    <property name="java.class.path" value="C:\Users\vari_\Desktop\proyectos\maven\eva3\target\test-classes;C:\Users\vari_\Desktop\proyectos\maven\eva3\target\classes;C:\Users\vari_\.m2\repository\junit\junit\3.8.1\junit-3.8.1.jar;C:\Users\vari_\.m2\repository\mysql\mysql-connector-java\8.0.29\mysql-connector-java-8.0.29.jar;C:\Users\vari_\.m2\repository\com\google\protobuf\protobuf-java\3.19.4\protobuf-java-3.19.4.jar;C:\Users\vari_\.m2\repository\com\daml\http-json-cli-opts_2.13\2.7.0-snapshot.20230504.11748.0.af51d660\http-json-cli-opts_2.13-2.7.0-snapshot.20230504.11748.0.af51d660.jar;C:\Users\vari_\.m2\repository\ch\qos\logback\logback-classic\1.4.5\logback-classic-1.4.5.jar;C:\Users\vari_\.m2\repository\ch\qos\logback\logback-core\1.4.5\logback-core-1.4.5.jar;C:\Users\vari_\.m2\repository\com\daml\ledger-api-common_2.13\2.7.0-snapshot.20230504.11748.0.af51d660\ledger-api-common_2.13-2.7.0-snapshot.20230504.11748.0.af51d660.jar;C:\Users\vari_\.m2\repository\com\daml\bindings-scala_2.13\2.7.0-snapshot.20230504.11748.0.af51d660\bindings-scala_2.13-2.7.0-snapshot.20230504.11748.0.af51d660.jar;C:\Users\vari_\.m2\repository\com\daml\ledger-api-java-proto\2.7.0-snapshot.20230504.11748.0.af51d660\ledger-api-java-proto-2.7.0-snapshot.20230504.11748.0.af51d660.jar;C:\Users\vari_\.m2\repository\com\daml\ledger-api-scalapb_2.13\2.7.0-snapshot.20230504.11748.0.af51d660\ledger-api-scalapb_2.13-2.7.0-snapshot.20230504.11748.0.af51d660.jar;C:\Users\vari_\.m2\repository\com\thesamet\scalapb\scalapb-runtime-grpc_2.13\0.11.8\scalapb-runtime-grpc_2.13-0.11.8.jar;C:\Users\vari_\.m2\repository\io\grpc\grpc-core\1.44.0\grpc-core-1.44.0.jar;C:\Users\vari_\.m2\repository\com\google\code\gson\gson\2.8.9\gson-2.8.9.jar;C:\Users\vari_\.m2\repository\com\google\android\annotations\4.1.1.4\annotations-4.1.1.4.jar;C:\Users\vari_\.m2\repository\org\codehaus\mojo\animal-sniffer-annotations\1.19\animal-sniffer-annotations-1.19.jar;C:\Users\vari_\.m2\repository\com\daml\contextualized-logging_2.13\2.7.0-snapshot.20230504.11748.0.af51d660\contextualized-logging_2.13-2.7.0-snapshot.20230504.11748.0.af51d660.jar;C:\Users\vari_\.m2\repository\com\daml\grpc-utils_2.13\2.7.0-snapshot.20230504.11748.0.af51d660\grpc-utils_2.13-2.7.0-snapshot.20230504.11748.0.af51d660.jar;C:\Users\vari_\.m2\repository\com\fasterxml\jackson\core\jackson-core\2.14.1\jackson-core-2.14.1.jar;C:\Users\vari_\.m2\repository\net\logstash\logback\logstash-logback-encoder\6.6\logstash-logback-encoder-6.6.jar;C:\Users\vari_\.m2\repository\com\fasterxml\jackson\core\jackson-databind\2.12.0\jackson-databind-2.12.0.jar;C:\Users\vari_\.m2\repository\com\fasterxml\jackson\core\jackson-annotations\2.12.0\jackson-annotations-2.12.0.jar;C:\Users\vari_\.m2\repository\com\daml\crypto_2.13\2.7.0-snapshot.20230504.11748.0.af51d660\crypto_2.13-2.7.0-snapshot.20230504.11748.0.af51d660.jar;C:\Users\vari_\.m2\repository\com\daml\daml-lf-data_2.13\2.7.0-snapshot.20230504.11748.0.af51d660\daml-lf-data_2.13-2.7.0-snapshot.20230504.11748.0.af51d660.jar;C:\Users\vari_\.m2\repository\com\google\guava\guava\31.1-jre\guava-31.1-jre.jar;C:\Users\vari_\.m2\repository\com\google\guava\failureaccess\1.0.1\failureaccess-1.0.1.jar;C:\Users\vari_\.m2\repository\com\google\guava\listenablefuture\9999.0-empty-to-avoid-conflict-with-guava\listenablefuture-9999.0-empty-to-avoid-conflict-with-guava.jar;C:\Users\vari_\.m2\repository\org\checkerframework\checker-qual\3.12.0\checker-qual-3.12.0.jar;C:\Users\vari_\.m2\repository\com\google\j2objc\j2objc-annotations\1.3\j2objc-annotations-1.3.jar;C:\Users\vari_\.m2\repository\com\daml\daml-lf-engine_2.13\2.7.0-snapshot.20230504.11748.0.af51d660\daml-lf-engine_2.13-2.7.0-snapshot.20230504.11748.0.af51d660.jar;C:\Users\vari_\.m2\repository\com\daml\daml-lf-interpreter_2.13\2.7.0-snapshot.20230504.11748.0.af51d660\daml-lf-interpreter_2.13-2.7.0-snapshot.20230504.11748.0.af51d660.jar;C:\Users\vari_\.m2\repository\org\apache\commons\commons-text\1.10.0\commons-text-1.10.0.jar;C:\Users\vari_\.m2\repository\org\apache\commons\commons-lang3\3.12.0\commons-lang3-3.12.0.jar;C:\Users\vari_\.m2\repository\com\daml\daml-lf-language_2.13\2.7.0-snapshot.20230504.11748.0.af51d660\daml-lf-language_2.13-2.7.0-snapshot.20230504.11748.0.af51d660.jar;C:\Users\vari_\.m2\repository\com\daml\daml-lf-validation_2.13\2.7.0-snapshot.20230504.11748.0.af51d660\daml-lf-validation_2.13-2.7.0-snapshot.20230504.11748.0.af51d660.jar;C:\Users\vari_\.m2\repository\com\daml\nameof_2.13\2.7.0-snapshot.20230504.11748.0.af51d660\nameof_2.13-2.7.0-snapshot.20230504.11748.0.af51d660.jar;C:\Users\vari_\.m2\repository\org\scala-lang\scala-compiler\2.13.10\scala-compiler-2.13.10.jar;C:\Users\vari_\.m2\repository\io\github\java-diff-utils\java-diff-utils\4.12\java-diff-utils-4.12.jar;C:\Users\vari_\.m2\repository\org\jline\jline\3.21.0\jline-3.21.0.jar;C:\Users\vari_\.m2\repository\net\java\dev\jna\jna\5.9.0\jna-5.9.0.jar;C:\Users\vari_\.m2\repository\org\scala-lang\scala-reflect\2.13.10\scala-reflect-2.13.10.jar;C:\Users\vari_\.m2\repository\org\typelevel\paiges-core_2.13\0.4.2\paiges-core_2.13-0.4.2.jar;C:\Users\vari_\.m2\repository\com\daml\daml-lf-transaction_2.13\2.7.0-snapshot.20230504.11748.0.af51d660\daml-lf-transaction_2.13-2.7.0-snapshot.20230504.11748.0.af51d660.jar;C:\Users\vari_\.m2\repository\com\daml\daml-lf-transaction-java-proto\2.7.0-snapshot.20230504.11748.0.af51d660\daml-lf-transaction-java-proto-2.7.0-snapshot.20230504.11748.0.af51d660.jar;C:\Users\vari_\.m2\repository\com\daml\safe-proto_2.13\2.7.0-snapshot.20230504.11748.0.af51d660\safe-proto_2.13-2.7.0-snapshot.20230504.11748.0.af51d660.jar;C:\Users\vari_\.m2\repository\com\daml\daml-lf-value-java-proto\2.7.0-snapshot.20230504.11748.0.af51d660\daml-lf-value-java-proto-2.7.0-snapshot.20230504.11748.0.af51d660.jar;C:\Users\vari_\.m2\repository\com\daml\error_2.13\2.7.0-snapshot.20230504.11748.0.af51d660\error_2.13-2.7.0-snapshot.20230504.11748.0.af51d660.jar;C:\Users\vari_\.m2\repository\com\daml\ledger-grpc_2.13\2.7.0-snapshot.20230504.11748.0.af51d660\ledger-grpc_2.13-2.7.0-snapshot.20230504.11748.0.af51d660.jar;C:\Users\vari_\.m2\repository\com\google\api\grpc\proto-google-common-protos\2.0.1\proto-google-common-protos-2.0.1.jar;C:\Users\vari_\.m2\repository\io\grpc\grpc-protobuf\1.44.0\grpc-protobuf-1.44.0.jar;C:\Users\vari_\.m2\repository\io\grpc\grpc-protobuf-lite\1.44.0\grpc-protobuf-lite-1.44.0.jar;C:\Users\vari_\.m2\repository\com\daml\ledger-api-domain_2.13\2.7.0-snapshot.20230504.11748.0.af51d660\ledger-api-domain_2.13-2.7.0-snapshot.20230504.11748.0.af51d660.jar;C:\Users\vari_\.m2\repository\com\daml\ledger-configuration_2.13\2.7.0-snapshot.20230504.11748.0.af51d660\ledger-configuration_2.13-2.7.0-snapshot.20230504.11748.0.af51d660.jar;C:\Users\vari_\.m2\repository\com\daml\participant-state-ledger-configuration-java-proto\2.7.0-snapshot.20230504.11748.0.af51d660\participant-state-ledger-configuration-java-proto-2.7.0-snapshot.20230504.11748.0.af51d660.jar;C:\Users\vari_\.m2\repository\com\daml\ledger-api-errors_2.13\2.7.0-snapshot.20230504.11748.0.af51d660\ledger-api-errors_2.13-2.7.0-snapshot.20230504.11748.0.af51d660.jar;C:\Users\vari_\.m2\repository\com\daml\daml-lf-archive-reader_2.13\2.7.0-snapshot.20230504.11748.0.af51d660\daml-lf-archive-reader_2.13-2.7.0-snapshot.20230504.11748.0.af51d660.jar;C:\Users\vari_\.m2\repository\com\daml\daml-lf-dev-archive-java-proto\2.7.0-snapshot.20230504.11748.0.af51d660\daml-lf-dev-archive-java-proto-2.7.0-snapshot.20230504.11748.0.af51d660.jar;C:\Users\vari_\.m2\repository\com\daml\participant-integration-api-scala-proto_2.13\2.7.0-snapshot.20230504.11748.0.af51d660\participant-integration-api-scala-proto_2.13-2.7.0-snapshot.20230504.11748.0.af51d660.jar;C:\Users\vari_\.m2\repository\com\daml\participant-state_2.13\2.7.0-snapshot.20230504.11748.0.af51d660\participant-state_2.13-2.7.0-snapshot.20230504.11748.0.af51d660.jar;C:\Users\vari_\.m2\repository\com\daml\ledger-api-health_2.13\2.7.0-snapshot.20230504.11748.0.af51d660\ledger-api-health_2.13-2.7.0-snapshot.20230504.11748.0.af51d660.jar;C:\Users\vari_\.m2\repository\com\daml\ledger-metrics_2.13\2.7.0-snapshot.20230504.11748.0.af51d660\ledger-metrics_2.13-2.7.0-snapshot.20230504.11748.0.af51d660.jar;C:\Users\vari_\.m2\repository\com\daml\ledger-offset_2.13\2.7.0-snapshot.20230504.11748.0.af51d660\ledger-offset_2.13-2.7.0-snapshot.20230504.11748.0.af51d660.jar;C:\Users\vari_\.m2\repository\com\daml\ledger-resources_2.13\2.7.0-snapshot.20230504.11748.0.af51d660\ledger-resources_2.13-2.7.0-snapshot.20230504.11748.0.af51d660.jar;C:\Users\vari_\.m2\repository\com\daml\logging-entries_2.13\2.7.0-snapshot.20230504.11748.0.af51d660\logging-entries_2.13-2.7.0-snapshot.20230504.11748.0.af51d660.jar;C:\Users\vari_\.m2\repository\com\daml\resources-akka_2.13\2.7.0-snapshot.20230504.11748.0.af51d660\resources-akka_2.13-2.7.0-snapshot.20230504.11748.0.af51d660.jar;C:\Users\vari_\.m2\repository\com\daml\resources-grpc_2.13\2.7.0-snapshot.20230504.11748.0.af51d660\resources-grpc_2.13-2.7.0-snapshot.20230504.11748.0.af51d660.jar;C:\Users\vari_\.m2\repository\com\daml\resources_2.13\2.7.0-snapshot.20230504.11748.0.af51d660\resources_2.13-2.7.0-snapshot.20230504.11748.0.af51d660.jar;C:\Users\vari_\.m2\repository\com\daml\rs-grpc-akka_2.13\2.7.0-snapshot.20230504.11748.0.af51d660\rs-grpc-akka_2.13-2.7.0-snapshot.20230504.11748.0.af51d660.jar;C:\Users\vari_\.m2\repository\io\grpc\grpc-stub\1.44.0\grpc-stub-1.44.0.jar;C:\Users\vari_\.m2\repository\org\reactivestreams\reactive-streams\1.0.2\reactive-streams-1.0.2.jar;C:\Users\vari_\.m2\repository\com\daml\rs-grpc-bridge\2.7.0-snapshot.20230504.11748.0.af51d660\rs-grpc-bridge-2.7.0-snapshot.20230504.11748.0.af51d660.jar;C:\Users\vari_\.m2\repository\com\daml\timer-utils_2.13\2.7.0-snapshot.20230504.11748.0.af51d660\timer-utils_2.13-2.7.0-snapshot.20230504.11748.0.af51d660.jar;C:\Users\vari_\.m2\repository\com\daml\tracing_2.13\2.7.0-snapshot.20230504.11748.0.af51d660\tracing_2.13-2.7.0-snapshot.20230504.11748.0.af51d660.jar;C:\Users\vari_\.m2\repository\com\typesafe\akka\akka-actor_2.13\2.6.18\akka-actor_2.13-2.6.18.jar;C:\Users\vari_\.m2\repository\com\typesafe\config\1.4.0\config-1.4.0.jar;C:\Users\vari_\.m2\repository\org\scala-lang\modules\scala-java8-compat_2.13\1.0.0\scala-java8-compat_2.13-1.0.0.jar;C:\Users\vari_\.m2\repository\com\typesafe\akka\akka-stream_2.13\2.6.18\akka-stream_2.13-2.6.18.jar;C:\Users\vari_\.m2\repository\com\typesafe\akka\akka-protobuf-v3_2.13\2.6.18\akka-protobuf-v3_2.13-2.6.18.jar;C:\Users\vari_\.m2\repository\com\typesafe\ssl-config-core_2.13\0.4.2\ssl-config-core_2.13-0.4.2.jar;C:\Users\vari_\.m2\repository\org\scala-lang\modules\scala-parser-combinators_2.13\1.1.2\scala-parser-combinators_2.13-1.1.2.jar;C:\Users\vari_\.m2\repository\commons-codec\commons-codec\1.11\commons-codec-1.11.jar;C:\Users\vari_\.m2\repository\commons-io\commons-io\2.11.0\commons-io-2.11.0.jar;C:\Users\vari_\.m2\repository\io\grpc\grpc-netty\1.44.0\grpc-netty-1.44.0.jar;C:\Users\vari_\.m2\repository\io\netty\netty-codec-http2\4.1.72.Final\netty-codec-http2-4.1.72.Final.jar;C:\Users\vari_\.m2\repository\io\netty\netty-codec-http\4.1.72.Final\netty-codec-http-4.1.72.Final.jar;C:\Users\vari_\.m2\repository\io\netty\netty-handler-proxy\4.1.72.Final\netty-handler-proxy-4.1.72.Final.jar;C:\Users\vari_\.m2\repository\io\netty\netty-codec-socks\4.1.72.Final\netty-codec-socks-4.1.72.Final.jar;C:\Users\vari_\.m2\repository\com\google\errorprone\error_prone_annotations\2.9.0\error_prone_annotations-2.9.0.jar;C:\Users\vari_\.m2\repository\io\perfmark\perfmark-api\0.23.0\perfmark-api-0.23.0.jar;C:\Users\vari_\.m2\repository\io\netty\netty-buffer\4.1.72.Final\netty-buffer-4.1.72.Final.jar;C:\Users\vari_\.m2\repository\io\netty\netty-tcnative-boringssl-static\2.0.46.Final\netty-tcnative-boringssl-static-2.0.46.Final.jar;C:\Users\vari_\.m2\repository\io\spray\spray-json_2.13\1.3.6\spray-json_2.13-1.3.6.jar;C:\Users\vari_\.m2\repository\com\daml\metrics_2.13\2.7.0-snapshot.20230504.11748.0.af51d660\metrics_2.13-2.7.0-snapshot.20230504.11748.0.af51d660.jar;C:\Users\vari_\.m2\repository\com\chuusai\shapeless_2.13\2.3.3\shapeless_2.13-2.3.3.jar;C:\Users\vari_\.m2\repository\com\daml\build-info_2.13\2.7.0-snapshot.20230504.11748.0.af51d660\build-info_2.13-2.7.0-snapshot.20230504.11748.0.af51d660.jar;C:\Users\vari_\.m2\repository\com\daml\concurrent_2.13\2.7.0-snapshot.20230504.11748.0.af51d660\concurrent_2.13-2.7.0-snapshot.20230504.11748.0.af51d660.jar;C:\Users\vari_\.m2\repository\com\daml\scala-utils_2.13\2.7.0-snapshot.20230504.11748.0.af51d660\scala-utils_2.13-2.7.0-snapshot.20230504.11748.0.af51d660.jar;C:\Users\vari_\.m2\repository\com\github\pureconfig\pureconfig-core_2.13\0.14.0\pureconfig-core_2.13-0.14.0.jar;C:\Users\vari_\.m2\repository\com\github\pureconfig\pureconfig-macros_2.13\0.14.0\pureconfig-macros_2.13-0.14.0.jar;C:\Users\vari_\.m2\repository\com\github\pureconfig\pureconfig-generic_2.13\0.14.0\pureconfig-generic_2.13-0.14.0.jar;C:\Users\vari_\.m2\repository\com\github\pureconfig\pureconfig-generic-base_2.13\0.14.0\pureconfig-generic-base_2.13-0.14.0.jar;C:\Users\vari_\.m2\repository\com\google\code\findbugs\jsr305\3.0.2\jsr305-3.0.2.jar;C:\Users\vari_\.m2\repository\com\thesamet\scalapb\scalapb-runtime_2.13\0.11.8\scalapb-runtime_2.13-0.11.8.jar;C:\Users\vari_\.m2\repository\com\thesamet\scalapb\lenses_2.13\0.11.8\lenses_2.13-0.11.8.jar;C:\Users\vari_\.m2\repository\org\scala-lang\modules\scala-collection-compat_2.13\2.6.0\scala-collection-compat_2.13-2.6.0.jar;C:\Users\vari_\.m2\repository\io\dropwizard\metrics\metrics-core\4.1.33\metrics-core-4.1.33.jar;C:\Users\vari_\.m2\repository\io\dropwizard\metrics\metrics-graphite\4.1.33\metrics-graphite-4.1.33.jar;C:\Users\vari_\.m2\repository\com\rabbitmq\amqp-client\5.15.0\amqp-client-5.15.0.jar;C:\Users\vari_\.m2\repository\io\dropwizard\metrics\metrics-jvm\4.1.33\metrics-jvm-4.1.33.jar;C:\Users\vari_\.m2\repository\io\grpc\grpc-api\1.44.0\grpc-api-1.44.0.jar;C:\Users\vari_\.m2\repository\io\grpc\grpc-context\1.44.0\grpc-context-1.44.0.jar;C:\Users\vari_\.m2\repository\io\opentelemetry\opentelemetry-api\1.12.0\opentelemetry-api-1.12.0.jar;C:\Users\vari_\.m2\repository\io\opentelemetry\opentelemetry-context\1.12.0\opentelemetry-context-1.12.0.jar;C:\Users\vari_\.m2\repository\io\opentelemetry\opentelemetry-sdk-common\1.12.0\opentelemetry-sdk-common-1.12.0.jar;C:\Users\vari_\.m2\repository\io\opentelemetry\opentelemetry-semconv\1.12.0-alpha\opentelemetry-semconv-1.12.0-alpha.jar;C:\Users\vari_\.m2\repository\io\opentelemetry\opentelemetry-sdk-metrics\1.12.0-alpha\opentelemetry-sdk-metrics-1.12.0-alpha.jar;C:\Users\vari_\.m2\repository\io\opentelemetry\instrumentation\opentelemetry-runtime-metrics\1.12.0-alpha\opentelemetry-runtime-metrics-1.12.0-alpha.jar;C:\Users\vari_\.m2\repository\io\opentelemetry\instrumentation\opentelemetry-instrumentation-api\1.12.0-alpha\opentelemetry-instrumentation-api-1.12.0-alpha.jar;C:\Users\vari_\.m2\repository\io\prometheus\simpleclient\0.14.1\simpleclient-0.14.1.jar;C:\Users\vari_\.m2\repository\io\prometheus\simpleclient_tracer_otel\0.14.1\simpleclient_tracer_otel-0.14.1.jar;C:\Users\vari_\.m2\repository\io\prometheus\simpleclient_tracer_common\0.14.1\simpleclient_tracer_common-0.14.1.jar;C:\Users\vari_\.m2\repository\io\prometheus\simpleclient_tracer_otel_agent\0.14.1\simpleclient_tracer_otel_agent-0.14.1.jar;C:\Users\vari_\.m2\repository\io\prometheus\simpleclient_dropwizard\0.14.1\simpleclient_dropwizard-0.14.1.jar;C:\Users\vari_\.m2\repository\io\prometheus\simpleclient_httpserver\0.14.1\simpleclient_httpserver-0.14.1.jar;C:\Users\vari_\.m2\repository\io\prometheus\simpleclient_common\0.14.1\simpleclient_common-0.14.1.jar;C:\Users\vari_\.m2\repository\com\github\scopt\scopt_2.13\4.1.0\scopt_2.13-4.1.0.jar;C:\Users\vari_\.m2\repository\org\scala-lang\scala-library\2.13.8\scala-library-2.13.8.jar;C:\Users\vari_\.m2\repository\io\netty\netty-handler\4.1.72.Final\netty-handler-4.1.72.Final.jar;C:\Users\vari_\.m2\repository\io\netty\netty-common\4.1.72.Final\netty-common-4.1.72.Final.jar;C:\Users\vari_\.m2\repository\io\netty\netty-resolver\4.1.72.Final\netty-resolver-4.1.72.Final.jar;C:\Users\vari_\.m2\repository\io\netty\netty-transport\4.1.72.Final\netty-transport-4.1.72.Final.jar;C:\Users\vari_\.m2\repository\io\netty\netty-codec\4.1.72.Final\netty-codec-4.1.72.Final.jar;C:\Users\vari_\.m2\repository\io\netty\netty-tcnative-classes\2.0.46.Final\netty-tcnative-classes-2.0.46.Final.jar;C:\Users\vari_\.m2\repository\org\codehaus\janino\janino\3.1.4\janino-3.1.4.jar;C:\Users\vari_\.m2\repository\org\codehaus\janino\commons-compiler\3.1.4\commons-compiler-3.1.4.jar;C:\Users\vari_\.m2\repository\org\scalaz\scalaz-core_2.13\7.2.33\scalaz-core_2.13-7.2.33.jar;C:\Users\vari_\.m2\repository\org\slf4j\slf4j-api\2.0.6\slf4j-api-2.0.6.jar;"/>
    <property name="java.vm.vendor" value="Oracle Corporation"/>
    <property name="sun.arch.data.model" value="64"/>
    <property name="user.variant" value=""/>
    <property name="java.vendor.url" value="https://java.oracle.com/"/>
    <property name="user.timezone" value="GMT-04:00"/>
    <property name="os.name" value="Windows 11"/>
    <property name="java.vm.specification.version" value="18"/>
    <property name="sun.java.launcher" value="SUN_STANDARD"/>
    <property name="user.country" value="CL"/>
    <property name="sun.boot.library.path" value="C:\Program Files\Java\jdk-18.0.2\bin"/>
    <property name="sun.java.command" value="C:\Users\vari_\AppData\Local\Temp\surefire3238526814775659082\surefirebooter17411965251322437379.jar C:\Users\vari_\AppData\Local\Temp\surefire3238526814775659082 2023-05-07T15-36-43_160-jvmRun1 surefire1540486026689666555tmp surefire_01961128196290264787tmp"/>
    <property name="jdk.debug" value="release"/>
    <property name="surefire.test.class.path" value="C:\Users\vari_\Desktop\proyectos\maven\eva3\target\test-classes;C:\Users\vari_\Desktop\proyectos\maven\eva3\target\classes;C:\Users\vari_\.m2\repository\junit\junit\3.8.1\junit-3.8.1.jar;C:\Users\vari_\.m2\repository\mysql\mysql-connector-java\8.0.29\mysql-connector-java-8.0.29.jar;C:\Users\vari_\.m2\repository\com\google\protobuf\protobuf-java\3.19.4\protobuf-java-3.19.4.jar;C:\Users\vari_\.m2\repository\com\daml\http-json-cli-opts_2.13\2.7.0-snapshot.20230504.11748.0.af51d660\http-json-cli-opts_2.13-2.7.0-snapshot.20230504.11748.0.af51d660.jar;C:\Users\vari_\.m2\repository\ch\qos\logback\logback-classic\1.4.5\logback-classic-1.4.5.jar;C:\Users\vari_\.m2\repository\ch\qos\logback\logback-core\1.4.5\logback-core-1.4.5.jar;C:\Users\vari_\.m2\repository\com\daml\ledger-api-common_2.13\2.7.0-snapshot.20230504.11748.0.af51d660\ledger-api-common_2.13-2.7.0-snapshot.20230504.11748.0.af51d660.jar;C:\Users\vari_\.m2\repository\com\daml\bindings-scala_2.13\2.7.0-snapshot.20230504.11748.0.af51d660\bindings-scala_2.13-2.7.0-snapshot.20230504.11748.0.af51d660.jar;C:\Users\vari_\.m2\repository\com\daml\ledger-api-java-proto\2.7.0-snapshot.20230504.11748.0.af51d660\ledger-api-java-proto-2.7.0-snapshot.20230504.11748.0.af51d660.jar;C:\Users\vari_\.m2\repository\com\daml\ledger-api-scalapb_2.13\2.7.0-snapshot.20230504.11748.0.af51d660\ledger-api-scalapb_2.13-2.7.0-snapshot.20230504.11748.0.af51d660.jar;C:\Users\vari_\.m2\repository\com\thesamet\scalapb\scalapb-runtime-grpc_2.13\0.11.8\scalapb-runtime-grpc_2.13-0.11.8.jar;C:\Users\vari_\.m2\repository\io\grpc\grpc-core\1.44.0\grpc-core-1.44.0.jar;C:\Users\vari_\.m2\repository\com\google\code\gson\gson\2.8.9\gson-2.8.9.jar;C:\Users\vari_\.m2\repository\com\google\android\annotations\4.1.1.4\annotations-4.1.1.4.jar;C:\Users\vari_\.m2\repository\org\codehaus\mojo\animal-sniffer-annotations\1.19\animal-sniffer-annotations-1.19.jar;C:\Users\vari_\.m2\repository\com\daml\contextualized-logging_2.13\2.7.0-snapshot.20230504.11748.0.af51d660\contextualized-logging_2.13-2.7.0-snapshot.20230504.11748.0.af51d660.jar;C:\Users\vari_\.m2\repository\com\daml\grpc-utils_2.13\2.7.0-snapshot.20230504.11748.0.af51d660\grpc-utils_2.13-2.7.0-snapshot.20230504.11748.0.af51d660.jar;C:\Users\vari_\.m2\repository\com\fasterxml\jackson\core\jackson-core\2.14.1\jackson-core-2.14.1.jar;C:\Users\vari_\.m2\repository\net\logstash\logback\logstash-logback-encoder\6.6\logstash-logback-encoder-6.6.jar;C:\Users\vari_\.m2\repository\com\fasterxml\jackson\core\jackson-databind\2.12.0\jackson-databind-2.12.0.jar;C:\Users\vari_\.m2\repository\com\fasterxml\jackson\core\jackson-annotations\2.12.0\jackson-annotations-2.12.0.jar;C:\Users\vari_\.m2\repository\com\daml\crypto_2.13\2.7.0-snapshot.20230504.11748.0.af51d660\crypto_2.13-2.7.0-snapshot.20230504.11748.0.af51d660.jar;C:\Users\vari_\.m2\repository\com\daml\daml-lf-data_2.13\2.7.0-snapshot.20230504.11748.0.af51d660\daml-lf-data_2.13-2.7.0-snapshot.20230504.11748.0.af51d660.jar;C:\Users\vari_\.m2\repository\com\google\guava\guava\31.1-jre\guava-31.1-jre.jar;C:\Users\vari_\.m2\repository\com\google\guava\failureaccess\1.0.1\failureaccess-1.0.1.jar;C:\Users\vari_\.m2\repository\com\google\guava\listenablefuture\9999.0-empty-to-avoid-conflict-with-guava\listenablefuture-9999.0-empty-to-avoid-conflict-with-guava.jar;C:\Users\vari_\.m2\repository\org\checkerframework\checker-qual\3.12.0\checker-qual-3.12.0.jar;C:\Users\vari_\.m2\repository\com\google\j2objc\j2objc-annotations\1.3\j2objc-annotations-1.3.jar;C:\Users\vari_\.m2\repository\com\daml\daml-lf-engine_2.13\2.7.0-snapshot.20230504.11748.0.af51d660\daml-lf-engine_2.13-2.7.0-snapshot.20230504.11748.0.af51d660.jar;C:\Users\vari_\.m2\repository\com\daml\daml-lf-interpreter_2.13\2.7.0-snapshot.20230504.11748.0.af51d660\daml-lf-interpreter_2.13-2.7.0-snapshot.20230504.11748.0.af51d660.jar;C:\Users\vari_\.m2\repository\org\apache\commons\commons-text\1.10.0\commons-text-1.10.0.jar;C:\Users\vari_\.m2\repository\org\apache\commons\commons-lang3\3.12.0\commons-lang3-3.12.0.jar;C:\Users\vari_\.m2\repository\com\daml\daml-lf-language_2.13\2.7.0-snapshot.20230504.11748.0.af51d660\daml-lf-language_2.13-2.7.0-snapshot.20230504.11748.0.af51d660.jar;C:\Users\vari_\.m2\repository\com\daml\daml-lf-validation_2.13\2.7.0-snapshot.20230504.11748.0.af51d660\daml-lf-validation_2.13-2.7.0-snapshot.20230504.11748.0.af51d660.jar;C:\Users\vari_\.m2\repository\com\daml\nameof_2.13\2.7.0-snapshot.20230504.11748.0.af51d660\nameof_2.13-2.7.0-snapshot.20230504.11748.0.af51d660.jar;C:\Users\vari_\.m2\repository\org\scala-lang\scala-compiler\2.13.10\scala-compiler-2.13.10.jar;C:\Users\vari_\.m2\repository\io\github\java-diff-utils\java-diff-utils\4.12\java-diff-utils-4.12.jar;C:\Users\vari_\.m2\repository\org\jline\jline\3.21.0\jline-3.21.0.jar;C:\Users\vari_\.m2\repository\net\java\dev\jna\jna\5.9.0\jna-5.9.0.jar;C:\Users\vari_\.m2\repository\org\scala-lang\scala-reflect\2.13.10\scala-reflect-2.13.10.jar;C:\Users\vari_\.m2\repository\org\typelevel\paiges-core_2.13\0.4.2\paiges-core_2.13-0.4.2.jar;C:\Users\vari_\.m2\repository\com\daml\daml-lf-transaction_2.13\2.7.0-snapshot.20230504.11748.0.af51d660\daml-lf-transaction_2.13-2.7.0-snapshot.20230504.11748.0.af51d660.jar;C:\Users\vari_\.m2\repository\com\daml\daml-lf-transaction-java-proto\2.7.0-snapshot.20230504.11748.0.af51d660\daml-lf-transaction-java-proto-2.7.0-snapshot.20230504.11748.0.af51d660.jar;C:\Users\vari_\.m2\repository\com\daml\safe-proto_2.13\2.7.0-snapshot.20230504.11748.0.af51d660\safe-proto_2.13-2.7.0-snapshot.20230504.11748.0.af51d660.jar;C:\Users\vari_\.m2\repository\com\daml\daml-lf-value-java-proto\2.7.0-snapshot.20230504.11748.0.af51d660\daml-lf-value-java-proto-2.7.0-snapshot.20230504.11748.0.af51d660.jar;C:\Users\vari_\.m2\repository\com\daml\error_2.13\2.7.0-snapshot.20230504.11748.0.af51d660\error_2.13-2.7.0-snapshot.20230504.11748.0.af51d660.jar;C:\Users\vari_\.m2\repository\com\daml\ledger-grpc_2.13\2.7.0-snapshot.20230504.11748.0.af51d660\ledger-grpc_2.13-2.7.0-snapshot.20230504.11748.0.af51d660.jar;C:\Users\vari_\.m2\repository\com\google\api\grpc\proto-google-common-protos\2.0.1\proto-google-common-protos-2.0.1.jar;C:\Users\vari_\.m2\repository\io\grpc\grpc-protobuf\1.44.0\grpc-protobuf-1.44.0.jar;C:\Users\vari_\.m2\repository\io\grpc\grpc-protobuf-lite\1.44.0\grpc-protobuf-lite-1.44.0.jar;C:\Users\vari_\.m2\repository\com\daml\ledger-api-domain_2.13\2.7.0-snapshot.20230504.11748.0.af51d660\ledger-api-domain_2.13-2.7.0-snapshot.20230504.11748.0.af51d660.jar;C:\Users\vari_\.m2\repository\com\daml\ledger-configuration_2.13\2.7.0-snapshot.20230504.11748.0.af51d660\ledger-configuration_2.13-2.7.0-snapshot.20230504.11748.0.af51d660.jar;C:\Users\vari_\.m2\repository\com\daml\participant-state-ledger-configuration-java-proto\2.7.0-snapshot.20230504.11748.0.af51d660\participant-state-ledger-configuration-java-proto-2.7.0-snapshot.20230504.11748.0.af51d660.jar;C:\Users\vari_\.m2\repository\com\daml\ledger-api-errors_2.13\2.7.0-snapshot.20230504.11748.0.af51d660\ledger-api-errors_2.13-2.7.0-snapshot.20230504.11748.0.af51d660.jar;C:\Users\vari_\.m2\repository\com\daml\daml-lf-archive-reader_2.13\2.7.0-snapshot.20230504.11748.0.af51d660\daml-lf-archive-reader_2.13-2.7.0-snapshot.20230504.11748.0.af51d660.jar;C:\Users\vari_\.m2\repository\com\daml\daml-lf-dev-archive-java-proto\2.7.0-snapshot.20230504.11748.0.af51d660\daml-lf-dev-archive-java-proto-2.7.0-snapshot.20230504.11748.0.af51d660.jar;C:\Users\vari_\.m2\repository\com\daml\participant-integration-api-scala-proto_2.13\2.7.0-snapshot.20230504.11748.0.af51d660\participant-integration-api-scala-proto_2.13-2.7.0-snapshot.20230504.11748.0.af51d660.jar;C:\Users\vari_\.m2\repository\com\daml\participant-state_2.13\2.7.0-snapshot.20230504.11748.0.af51d660\participant-state_2.13-2.7.0-snapshot.20230504.11748.0.af51d660.jar;C:\Users\vari_\.m2\repository\com\daml\ledger-api-health_2.13\2.7.0-snapshot.20230504.11748.0.af51d660\ledger-api-health_2.13-2.7.0-snapshot.20230504.11748.0.af51d660.jar;C:\Users\vari_\.m2\repository\com\daml\ledger-metrics_2.13\2.7.0-snapshot.20230504.11748.0.af51d660\ledger-metrics_2.13-2.7.0-snapshot.20230504.11748.0.af51d660.jar;C:\Users\vari_\.m2\repository\com\daml\ledger-offset_2.13\2.7.0-snapshot.20230504.11748.0.af51d660\ledger-offset_2.13-2.7.0-snapshot.20230504.11748.0.af51d660.jar;C:\Users\vari_\.m2\repository\com\daml\ledger-resources_2.13\2.7.0-snapshot.20230504.11748.0.af51d660\ledger-resources_2.13-2.7.0-snapshot.20230504.11748.0.af51d660.jar;C:\Users\vari_\.m2\repository\com\daml\logging-entries_2.13\2.7.0-snapshot.20230504.11748.0.af51d660\logging-entries_2.13-2.7.0-snapshot.20230504.11748.0.af51d660.jar;C:\Users\vari_\.m2\repository\com\daml\resources-akka_2.13\2.7.0-snapshot.20230504.11748.0.af51d660\resources-akka_2.13-2.7.0-snapshot.20230504.11748.0.af51d660.jar;C:\Users\vari_\.m2\repository\com\daml\resources-grpc_2.13\2.7.0-snapshot.20230504.11748.0.af51d660\resources-grpc_2.13-2.7.0-snapshot.20230504.11748.0.af51d660.jar;C:\Users\vari_\.m2\repository\com\daml\resources_2.13\2.7.0-snapshot.20230504.11748.0.af51d660\resources_2.13-2.7.0-snapshot.20230504.11748.0.af51d660.jar;C:\Users\vari_\.m2\repository\com\daml\rs-grpc-akka_2.13\2.7.0-snapshot.20230504.11748.0.af51d660\rs-grpc-akka_2.13-2.7.0-snapshot.20230504.11748.0.af51d660.jar;C:\Users\vari_\.m2\repository\io\grpc\grpc-stub\1.44.0\grpc-stub-1.44.0.jar;C:\Users\vari_\.m2\repository\org\reactivestreams\reactive-streams\1.0.2\reactive-streams-1.0.2.jar;C:\Users\vari_\.m2\repository\com\daml\rs-grpc-bridge\2.7.0-snapshot.20230504.11748.0.af51d660\rs-grpc-bridge-2.7.0-snapshot.20230504.11748.0.af51d660.jar;C:\Users\vari_\.m2\repository\com\daml\timer-utils_2.13\2.7.0-snapshot.20230504.11748.0.af51d660\timer-utils_2.13-2.7.0-snapshot.20230504.11748.0.af51d660.jar;C:\Users\vari_\.m2\repository\com\daml\tracing_2.13\2.7.0-snapshot.20230504.11748.0.af51d660\tracing_2.13-2.7.0-snapshot.20230504.11748.0.af51d660.jar;C:\Users\vari_\.m2\repository\com\typesafe\akka\akka-actor_2.13\2.6.18\akka-actor_2.13-2.6.18.jar;C:\Users\vari_\.m2\repository\com\typesafe\config\1.4.0\config-1.4.0.jar;C:\Users\vari_\.m2\repository\org\scala-lang\modules\scala-java8-compat_2.13\1.0.0\scala-java8-compat_2.13-1.0.0.jar;C:\Users\vari_\.m2\repository\com\typesafe\akka\akka-stream_2.13\2.6.18\akka-stream_2.13-2.6.18.jar;C:\Users\vari_\.m2\repository\com\typesafe\akka\akka-protobuf-v3_2.13\2.6.18\akka-protobuf-v3_2.13-2.6.18.jar;C:\Users\vari_\.m2\repository\com\typesafe\ssl-config-core_2.13\0.4.2\ssl-config-core_2.13-0.4.2.jar;C:\Users\vari_\.m2\repository\org\scala-lang\modules\scala-parser-combinators_2.13\1.1.2\scala-parser-combinators_2.13-1.1.2.jar;C:\Users\vari_\.m2\repository\commons-codec\commons-codec\1.11\commons-codec-1.11.jar;C:\Users\vari_\.m2\repository\commons-io\commons-io\2.11.0\commons-io-2.11.0.jar;C:\Users\vari_\.m2\repository\io\grpc\grpc-netty\1.44.0\grpc-netty-1.44.0.jar;C:\Users\vari_\.m2\repository\io\netty\netty-codec-http2\4.1.72.Final\netty-codec-http2-4.1.72.Final.jar;C:\Users\vari_\.m2\repository\io\netty\netty-codec-http\4.1.72.Final\netty-codec-http-4.1.72.Final.jar;C:\Users\vari_\.m2\repository\io\netty\netty-handler-proxy\4.1.72.Final\netty-handler-proxy-4.1.72.Final.jar;C:\Users\vari_\.m2\repository\io\netty\netty-codec-socks\4.1.72.Final\netty-codec-socks-4.1.72.Final.jar;C:\Users\vari_\.m2\repository\com\google\errorprone\error_prone_annotations\2.9.0\error_prone_annotations-2.9.0.jar;C:\Users\vari_\.m2\repository\io\perfmark\perfmark-api\0.23.0\perfmark-api-0.23.0.jar;C:\Users\vari_\.m2\repository\io\netty\netty-buffer\4.1.72.Final\netty-buffer-4.1.72.Final.jar;C:\Users\vari_\.m2\repository\io\netty\netty-tcnative-boringssl-static\2.0.46.Final\netty-tcnative-boringssl-static-2.0.46.Final.jar;C:\Users\vari_\.m2\repository\io\spray\spray-json_2.13\1.3.6\spray-json_2.13-1.3.6.jar;C:\Users\vari_\.m2\repository\com\daml\metrics_2.13\2.7.0-snapshot.20230504.11748.0.af51d660\metrics_2.13-2.7.0-snapshot.20230504.11748.0.af51d660.jar;C:\Users\vari_\.m2\repository\com\chuusai\shapeless_2.13\2.3.3\shapeless_2.13-2.3.3.jar;C:\Users\vari_\.m2\repository\com\daml\build-info_2.13\2.7.0-snapshot.20230504.11748.0.af51d660\build-info_2.13-2.7.0-snapshot.20230504.11748.0.af51d660.jar;C:\Users\vari_\.m2\repository\com\daml\concurrent_2.13\2.7.0-snapshot.20230504.11748.0.af51d660\concurrent_2.13-2.7.0-snapshot.20230504.11748.0.af51d660.jar;C:\Users\vari_\.m2\repository\com\daml\scala-utils_2.13\2.7.0-snapshot.20230504.11748.0.af51d660\scala-utils_2.13-2.7.0-snapshot.20230504.11748.0.af51d660.jar;C:\Users\vari_\.m2\repository\com\github\pureconfig\pureconfig-core_2.13\0.14.0\pureconfig-core_2.13-0.14.0.jar;C:\Users\vari_\.m2\repository\com\github\pureconfig\pureconfig-macros_2.13\0.14.0\pureconfig-macros_2.13-0.14.0.jar;C:\Users\vari_\.m2\repository\com\github\pureconfig\pureconfig-generic_2.13\0.14.0\pureconfig-generic_2.13-0.14.0.jar;C:\Users\vari_\.m2\repository\com\github\pureconfig\pureconfig-generic-base_2.13\0.14.0\pureconfig-generic-base_2.13-0.14.0.jar;C:\Users\vari_\.m2\repository\com\google\code\findbugs\jsr305\3.0.2\jsr305-3.0.2.jar;C:\Users\vari_\.m2\repository\com\thesamet\scalapb\scalapb-runtime_2.13\0.11.8\scalapb-runtime_2.13-0.11.8.jar;C:\Users\vari_\.m2\repository\com\thesamet\scalapb\lenses_2.13\0.11.8\lenses_2.13-0.11.8.jar;C:\Users\vari_\.m2\repository\org\scala-lang\modules\scala-collection-compat_2.13\2.6.0\scala-collection-compat_2.13-2.6.0.jar;C:\Users\vari_\.m2\repository\io\dropwizard\metrics\metrics-core\4.1.33\metrics-core-4.1.33.jar;C:\Users\vari_\.m2\repository\io\dropwizard\metrics\metrics-graphite\4.1.33\metrics-graphite-4.1.33.jar;C:\Users\vari_\.m2\repository\com\rabbitmq\amqp-client\5.15.0\amqp-client-5.15.0.jar;C:\Users\vari_\.m2\repository\io\dropwizard\metrics\metrics-jvm\4.1.33\metrics-jvm-4.1.33.jar;C:\Users\vari_\.m2\repository\io\grpc\grpc-api\1.44.0\grpc-api-1.44.0.jar;C:\Users\vari_\.m2\repository\io\grpc\grpc-context\1.44.0\grpc-context-1.44.0.jar;C:\Users\vari_\.m2\repository\io\opentelemetry\opentelemetry-api\1.12.0\opentelemetry-api-1.12.0.jar;C:\Users\vari_\.m2\repository\io\opentelemetry\opentelemetry-context\1.12.0\opentelemetry-context-1.12.0.jar;C:\Users\vari_\.m2\repository\io\opentelemetry\opentelemetry-sdk-common\1.12.0\opentelemetry-sdk-common-1.12.0.jar;C:\Users\vari_\.m2\repository\io\opentelemetry\opentelemetry-semconv\1.12.0-alpha\opentelemetry-semconv-1.12.0-alpha.jar;C:\Users\vari_\.m2\repository\io\opentelemetry\opentelemetry-sdk-metrics\1.12.0-alpha\opentelemetry-sdk-metrics-1.12.0-alpha.jar;C:\Users\vari_\.m2\repository\io\opentelemetry\instrumentation\opentelemetry-runtime-metrics\1.12.0-alpha\opentelemetry-runtime-metrics-1.12.0-alpha.jar;C:\Users\vari_\.m2\repository\io\opentelemetry\instrumentation\opentelemetry-instrumentation-api\1.12.0-alpha\opentelemetry-instrumentation-api-1.12.0-alpha.jar;C:\Users\vari_\.m2\repository\io\prometheus\simpleclient\0.14.1\simpleclient-0.14.1.jar;C:\Users\vari_\.m2\repository\io\prometheus\simpleclient_tracer_otel\0.14.1\simpleclient_tracer_otel-0.14.1.jar;C:\Users\vari_\.m2\repository\io\prometheus\simpleclient_tracer_common\0.14.1\simpleclient_tracer_common-0.14.1.jar;C:\Users\vari_\.m2\repository\io\prometheus\simpleclient_tracer_otel_agent\0.14.1\simpleclient_tracer_otel_agent-0.14.1.jar;C:\Users\vari_\.m2\repository\io\prometheus\simpleclient_dropwizard\0.14.1\simpleclient_dropwizard-0.14.1.jar;C:\Users\vari_\.m2\repository\io\prometheus\simpleclient_httpserver\0.14.1\simpleclient_httpserver-0.14.1.jar;C:\Users\vari_\.m2\repository\io\prometheus\simpleclient_common\0.14.1\simpleclient_common-0.14.1.jar;C:\Users\vari_\.m2\repository\com\github\scopt\scopt_2.13\4.1.0\scopt_2.13-4.1.0.jar;C:\Users\vari_\.m2\repository\org\scala-lang\scala-library\2.13.8\scala-library-2.13.8.jar;C:\Users\vari_\.m2\repository\io\netty\netty-handler\4.1.72.Final\netty-handler-4.1.72.Final.jar;C:\Users\vari_\.m2\repository\io\netty\netty-common\4.1.72.Final\netty-common-4.1.72.Final.jar;C:\Users\vari_\.m2\repository\io\netty\netty-resolver\4.1.72.Final\netty-resolver-4.1.72.Final.jar;C:\Users\vari_\.m2\repository\io\netty\netty-transport\4.1.72.Final\netty-transport-4.1.72.Final.jar;C:\Users\vari_\.m2\repository\io\netty\netty-codec\4.1.72.Final\netty-codec-4.1.72.Final.jar;C:\Users\vari_\.m2\repository\io\netty\netty-tcnative-classes\2.0.46.Final\netty-tcnative-classes-2.0.46.Final.jar;C:\Users\vari_\.m2\repository\org\codehaus\janino\janino\3.1.4\janino-3.1.4.jar;C:\Users\vari_\.m2\repository\org\codehaus\janino\commons-compiler\3.1.4\commons-compiler-3.1.4.jar;C:\Users\vari_\.m2\repository\org\scalaz\scalaz-core_2.13\7.2.33\scalaz-core_2.13-7.2.33.jar;C:\Users\vari_\.m2\repository\org\slf4j\slf4j-api\2.0.6\slf4j-api-2.0.6.jar;"/>
    <property name="sun.cpu.endian" value="little"/>
    <property name="user.home" value="C:\Users\vari_"/>
    <property name="user.language" value="es"/>
    <property name="java.specification.vendor" value="Oracle Corporation"/>
    <property name="java.version.date" value="2022-07-19"/>
    <property name="java.home" value="C:\Program Files\Java\jdk-18.0.2"/>
    <property name="file.separator" value="\"/>
    <property name="basedir" value="C:\Users\vari_\Desktop\proyectos\maven\eva3"/>
    <property name="style.color" value="always"/>
    <property name="java.vm.compressedOopsMode" value="Zero based"/>
    <property name="line.separator" value="&#10;"/>
    <property name="java.vm.specification.vendor" value="Oracle Corporation"/>
    <property name="java.specification.name" value="Java Platform API Specification"/>
    <property name="surefire.real.class.path" value="C:\Users\vari_\AppData\Local\Temp\surefire3238526814775659082\surefirebooter17411965251322437379.jar"/>
    <property name="user.script" value=""/>
    <property name="sun.management.compiler" value="HotSpot 64-Bit Tiered Compilers"/>
    <property name="java.runtime.version" value="18.0.2+9-61"/>
    <property name="user.name" value="vari_"/>
    <property name="path.separator" value=";"/>
    <property name="os.version" value="10.0"/>
    <property name="java.runtime.name" value="Java(TM) SE Runtime Environment"/>
    <property name="file.encoding" value="UTF-8"/>
    <property name="java.vm.name" value="Java HotSpot(TM) 64-Bit Server VM"/>
    <property name="localRepository" value="C:\Users\vari_\.m2\repository"/>
    <property name="java.vendor.url.bug" value="https://bugreport.java.com/bugreport/"/>
    <property name="java.io.tmpdir" value="C:\Users\vari_\AppData\Local\Temp\"/>
    <property name="java.version" value="18.0.2"/>
    <property name="user.dir" value="C:\Users\vari_\Desktop\proyectos\maven\eva3"/>
    <property name="os.arch" value="amd64"/>
    <property name="java.vm.specification.name" value="Java Virtual Machine Specification"/>
    <property name="sun.os.patch.level" value=""/>
    <property name="native.encoding" value="Cp1252"/>
    <property name="java.library.path" value="C:\Program Files\Java\jdk-18.0.2\bin;C:\WINDOWS\Sun\Java\bin;C:\WINDOWS\system32;C:\WINDOWS;C:/Program Files/Java/jdk-18.0.2/bin/server;C:/Program Files/Java/jdk-18.0.2/bin;C:\apache-maven-3.9.1\bin;C:\Users\vari_\AppData\Local\Microsoft\WindowsApps;C:\Users\vari_\AppData\Local\Programs\Microsoft VS Code\bin;C:\Users\vari_\AppData\Roaming\Composer\vendor\bin;C:\Program Files\Amazon Corretto\jdk11.0.17_8\bin;C:\Users\vari_\AppData\Local\GitHubDesktop\bin;C:\WINDOWS\system32;;."/>
    <property name="java.vm.info" value="mixed mode, sharing"/>
    <property name="java.vendor" value="Oracle Corporation"/>
    <property name="java.vm.version" value="18.0.2+9-61"/>
    <property name="sun.io.unicode.encoding" value="UnicodeLittle"/>
    <property name="java.class.version" value="62.0"/>
  </properties>
  <testcase name="testApp" classname="ev3.eva3.AppTest" time="0.004"/>
</testsuite>